Added Component: Designator=Alimentacion(BORNERA2)
Add component. Clean all parameters for all variants
Added Component: Designator=C1(CAP200)
Add component. Clean all parameters for all variants
Added Component: Designator=C2(CAP200)
Add component. Clean all parameters for all variants
Added Component: Designator=J1(SIP3)
Add component. Clean all parameters for all variants
Added Component: Designator=J2(SIP2)
Add component. Clean all parameters for all variants
Added Component: Designator=J6(SIP2)
Add component. Clean all parameters for all variants
Added Component: Designator=J7(SIP2)
Add component. Clean all parameters for all variants
Added Component: Designator=J9(SIP2)
Add component. Clean all parameters for all variants
Added Component: Designator=R1(RES400)
Add component. Clean all parameters for all variants
Added Component: Designator=R2(RES400)
Add component. Clean all parameters for all variants
Added Component: Designator=R3(RES400)
Add component. Clean all parameters for all variants
Added Component: Designator=R8(RES400)
Add component. Clean all parameters for all variants
Added Component: Designator=R9(RES400)
Add component. Clean all parameters for all variants
Added Component: Designator=T1(TO92)
Add component. Clean all parameters for all variants
Added Component: Designator=T2(TO92)
Add component. Clean all parameters for all variants
Added Component: Designator=T3(TO92)
Add component. Clean all parameters for all variants
Added Pin To Net: NetName=GND Pin=Alimentacion-1
Added Pin To Net: NetName=VCC Pin=Alimentacion-2
Added Pin To Net: NetName=VCC Pin=J2-1
Added Pin To Net: NetName=GND Pin=J6-1
Added Pin To Net: NetName=GND Pin=J7-2
Added Pin To Net: NetName=VCC Pin=R1-2
Added Pin To Net: NetName=GND Pin=R3-1
Added Pin To Net: NetName=VCC Pin=T1-2
Added Pin To Net: NetName=GND Pin=T2-3
Added Pin To Net: NetName=GND Pin=T3-3
Added Pin To Net: NetName=NetC1_1 Pin=C1-1
Added Pin To Net: NetName=NetC1_1 Pin=R8-2
Added Net: Name=NetC1_1
Added Pin To Net: NetName=NetC2_2 Pin=C2-2
Added Pin To Net: NetName=NetC2_2 Pin=R9-1
Added Net: Name=NetC2_2
Added Pin To Net: NetName=NetJ1_1 Pin=J1-1
Added Pin To Net: NetName=NetJ1_1 Pin=T2-2
Added Net: Name=NetJ1_1
Added Pin To Net: NetName=NetJ1_3 Pin=J1-3
Added Pin To Net: NetName=NetJ1_3 Pin=R3-2
Added Net: Name=NetJ1_3
Added Pin To Net: NetName=NetJ2_2 Pin=J2-2
Added Pin To Net: NetName=NetJ2_2 Pin=R2-2
Added Net: Name=NetJ2_2
Added Pin To Net: NetName=NetJ6_2 Pin=J6-2
Added Pin To Net: NetName=NetJ6_2 Pin=R8-1
Added Net: Name=NetJ6_2
Added Pin To Net: NetName=NetJ7_1 Pin=J7-1
Added Pin To Net: NetName=NetJ7_1 Pin=R9-2
Added Net: Name=NetJ7_1
Added Pin To Net: NetName=NetR2_1 Pin=R2-1
Added Pin To Net: NetName=NetR2_1 Pin=T2-1
Added Pin To Net: NetName=NetR2_1 Pin=T3-1
Added Pin To Net: NetName=NetR2_1 Pin=T3-2
Added Net: Name=NetR2_1
Added Pin To Net: NetName=vi Pin=C1-2
Added Pin To Net: NetName=vi Pin=J9-2
Added Pin To Net: NetName=vi Pin=R1-1
Added Pin To Net: NetName=vi Pin=T1-1
Added Net: Name=vi
Added Pin To Net: NetName=vo Pin=C2-1
Added Pin To Net: NetName=vo Pin=J1-2
Added Pin To Net: NetName=vo Pin=J9-1
Added Pin To Net: NetName=vo Pin=T1-3
Added Net: Name=vo
Added Member To Class: ClassName=esquematico Member=Component Alimentacion BORNERA 2
Added Member To Class: ClassName=esquematico Member=Component C1 CAP
Added Member To Class: ClassName=esquematico Member=Component C2 CAP
Added Member To Class: ClassName=esquematico Member=Component J1 CON3
Added Member To Class: ClassName=esquematico Member=Component J2 CON2
Added Member To Class: ClassName=esquematico Member=Component J6 CON2
Added Member To Class: ClassName=esquematico Member=Component J7 CON2
Added Member To Class: ClassName=esquematico Member=Component J9 CON2
Added Member To Class: ClassName=esquematico Member=Component R1 RES
Added Member To Class: ClassName=esquematico Member=Component R2 RES
Added Member To Class: ClassName=esquematico Member=Component R3 RES
Added Member To Class: ClassName=esquematico Member=Component R8 RES
Added Member To Class: ClassName=esquematico Member=Component R9 RES
Added Member To Class: ClassName=esquematico Member=Component T1 TRANSISTOR NPN
Added Member To Class: ClassName=esquematico Member=Component T2 TRANSISTOR NPN
Added Member To Class: ClassName=esquematico Member=Component T3 TRANSISTOR NPN
Added Room: Name=esquematico
